<?xml version="1.0" encoding="UTF-8"?>
<robot generator="Robot 7.4.2 (Python 3.14.3 on win32)" generated="2026-05-01T13:40:44.176694" rpa="false" schemaversion="5">
<suite id="s1" name="Test" source="C:\Users\OlhaKarpenko\PycharmProjects\dq\dqe-automation\Robot Framework\test.robot">
<test id="s1-t1" name="Validate HTML Table Matches Parquet Data" line="16">
<kw name="Get File Url" owner="helper">
<msg time="2026-05-01T13:40:44.671815" level="INFO">${file_url} = file:///C:/Users/OlhaKarpenko/PycharmProjects/dq/dqe-automation/Robot%20Framework/generated_report/report.html</msg>
<var>${file_url}</var>
<arg>${REPORT_FILE}</arg>
<doc>Convert an absolute or relative file path to a file:// URL.</doc>
<status status="PASS" start="2026-05-01T13:40:44.671391" elapsed="0.000453"/>
</kw>
<kw name="Open Browser" owner="SeleniumLibrary">
<msg time="2026-05-01T13:40:44.672138" level="INFO">Opening browser 'Chrome' to base url 'file:///C:/Users/OlhaKarpenko/PycharmProjects/dq/dqe-automation/Robot%20Framework/generated_report/report.html'.</msg>
<arg>${file_url}</arg>
<arg>${BROWSER}</arg>
<doc>Opens a new browser instance to the optional ``url``.</doc>
<status status="PASS" start="2026-05-01T13:40:44.671967" elapsed="1.950277"/>
</kw>
<kw name="Maximize Browser Window" owner="SeleniumLibrary">
<doc>Maximizes current browser window.</doc>
<status status="PASS" start="2026-05-01T13:40:46.622515" elapsed="0.026484"/>
</kw>
<kw name="Wait Until Element Is Visible" owner="SeleniumLibrary">
<arg>css:.plotly-graph-div</arg>
<arg>timeout=15s</arg>
<doc>Waits until the element ``locator`` is visible.</doc>
<status status="PASS" start="2026-05-01T13:40:46.649168" elapsed="0.021180"/>
</kw>
<kw name="Get WebElement" owner="SeleniumLibrary">
<msg time="2026-05-01T13:40:46.679446" level="INFO">${table_element} = &lt;selenium.webdriver.remote.webelement.WebElement (session="0f72db6455fad64b78b4582a33cf06f4", element="f.FCD4211CA25CA111C713E89E1E3A3636.d.DD5B7E54798626911B8A84FDB2FAFD72.e.3")&gt;</msg>
<var>${table_element}</var>
<arg>css:.plotly-graph-div</arg>
<doc>Returns the first WebElement matching the given ``locator``.</doc>
<status status="PASS" start="2026-05-01T13:40:46.670670" elapsed="0.008987"/>
</kw>
<kw name="Read Html Table" owner="helper">
<msg time="2026-05-01T13:40:46.824811" level="INFO">${html_df} =        facility_type  visit_date  average_time_spent
0   Specialty Center  2026-04-16               27.00
1           Hospital  2026-04-16               52.00
2             Clinic  2026-04-16         ...</msg>
<var>${html_df}</var>
<arg>${table_element}</arg>
<doc>Read Plotly table from a Selenium WebElement into a pandas DataFrame.</doc>
<status status="PASS" start="2026-05-01T13:40:46.679971" elapsed="0.144892"/>
</kw>
<kw name="Rename Dataframe Columns" owner="helper">
<msg time="2026-05-01T13:40:46.830648" level="INFO">${html_df} =        facility_type  visit_date  avg_time_spent
0   Specialty Center  2026-04-16           27.00
1           Hospital  2026-04-16           52.00
2             Clinic  2026-04-16           22.00
3   ...</msg>
<var>${html_df}</var>
<arg>${html_df}</arg>
<arg>average_time_spent=avg_time_spent</arg>
<doc>Return a copy of df with columns renamed according to column_mapping.</doc>
<status status="PASS" start="2026-05-01T13:40:46.825009" elapsed="0.005743"/>
</kw>
<kw name="Read Parquet Data" owner="helper">
<msg time="2026-05-01T13:40:46.979472" level="INFO">${parquet_df} =        facility_type visit_date  avg_time_spent
0             Clinic 2026-04-11           48.00
1   Specialty Center 2026-04-13           52.33
2   Specialty Center 2026-04-11           34.00
3   Spec...</msg>
<var>${parquet_df}</var>
<arg>${PARQUET_FOLDER}</arg>
<arg>${FILTER_DATE}</arg>
<doc>Read a partitioned Parquet dataset with optional date filtering.</doc>
<status status="PASS" start="2026-05-01T13:40:46.830923" elapsed="0.148626"/>
</kw>
<kw name="Compare Dataframes" owner="helper">
<msg time="2026-05-01T13:40:46.985503" level="INFO">${match} = True</msg>
<msg time="2026-05-01T13:40:46.985563" level="INFO">${diff} = None</msg>
<var>${match}</var>
<var>${diff}</var>
<arg>${html_df}</arg>
<arg>${parquet_df}</arg>
<doc>Compare two DataFrames for an exact match after normalising types and sort order.</doc>
<status status="PASS" start="2026-05-01T13:40:46.979747" elapsed="0.005838"/>
</kw>
<if>
<branch type="IF" condition="not ${match}">
<kw name="Fail" owner="BuiltIn">
<arg>Data mismatch between HTML table and Parquet dataset:\n${diff}</arg>
<doc>Fails the test with the given message and optionally alters its tags.</doc>
<status status="NOT RUN" start="2026-05-01T13:40:46.985996" elapsed="0.000027"/>
</kw>
<status status="NOT RUN" start="2026-05-01T13:40:46.985737" elapsed="0.000318"/>
</branch>
<status status="PASS" start="2026-05-01T13:40:46.985698" elapsed="0.000391"/>
</if>
<kw name="Close Browser" owner="SeleniumLibrary" type="TEARDOWN">
<doc>Closes the current browser.</doc>
<status status="PASS" start="2026-05-01T13:40:46.986293" elapsed="2.108164"/>
</kw>
<doc>Opens the HTML report in Chrome, reads the Plotly table into a
DataFrame, reads the Parquet dataset filtered by 2026-04-16,
and asserts that both DataFrames are identical.</doc>
<status status="PASS" start="2026-05-01T13:40:44.670750" elapsed="4.423928"/>
</test>
<doc>Validates that the HTML report table matches the Parquet dataset.
Test passes when data is identical; fails with a diff when mismatches exist.</doc>
<status status="PASS" start="2026-05-01T13:40:44.178093" elapsed="4.917839"/>
</suite>
<statistics>
<total>
<stat pass="1" fail="0" skip="0">All Tests</stat>
</total>
<tag>
</tag>
<suite>
<stat name="Test" id="s1" pass="1" fail="0" skip="0">Test</stat>
</suite>
</statistics>
<errors>
</errors>
</robot>
